<?xml version="1.0" encoding="UTF-8"?>
<!-- Generated by org.testng.reporters.JUnitReportReporter -->
<testsuite hostname="REM-LT-221010A" failures="0" tests="1" name="com.unosquare.requests.UpdateUserTest" time="0.432" errors="0" timestamp="2022-10-28T12:42:21 CDT" skipped="0">
  <testcase classname="com.unosquare.requests.UpdateUserTest" name="update_user_from_file" time="0.432"/>
  <system-out>
    <![CDATA[Status Code 200
Response Body: {"name":"William Gates","job":"Chairman","updatedAt":"2022-10-28T17:42:52.937Z"}]]>
  </system-out>
</testsuite> <!-- com.unosquare.requests.UpdateUserTest -->
