<?xml version="1.0" encoding="UTF-8"?>
<!-- Generated by org.testng.reporters.JUnitReportReporter -->
<testsuite hostname="REM-LT-221010A" failures="0" tests="2" name="com.unosquare.PostTest" time="1.873" errors="0" timestamp="2022-10-27T10:16:38 CDT" skipped="0">
  <testcase classname="com.unosquare.PostTest" name="post_test" time="1.459"/>
  <system-out/>
  <testcase classname="com.unosquare.PostTest" name="post_test_from_file" time="0.414"/>
  <system-out/>
</testsuite> <!-- com.unosquare.PostTest -->
