<?xml version="1.0" encoding="UTF-8"?>
<!-- Generated by org.testng.reporters.JUnitReportReporter -->
<testsuite hostname="REM-LT-221010A" failures="0" tests="3" name="com.unosquare.requests.PostTest" time="2.883" errors="0" timestamp="2022-10-27T12:12:09 CDT" skipped="0">
  <testcase classname="com.unosquare.requests.PostTest" name="post_test" time="1.975"/>
  <system-out>
    <![CDATA[{"name":"JohnAPI","job":"QA"}
{"name":"JohnAPI","job":"QA","id":"584","createdAt":"2022-10-27T17:12:33.152Z"}]]>
  </system-out>
  <testcase classname="com.unosquare.requests.PostTest" name="post_test_from_file" time="0.464"/>
  <system-out>
    <![CDATA[201
{"name":"Steve Jobs","job":"CEO","id":"109","createdAt":"2022-10-27T17:12:33.665Z"}
{"name":"Steve Jobs","job":"CEO"}]]>
  </system-out>
  <testcase classname="com.unosquare.requests.PostTest" name="post_test_from_file2" time="0.444"/>
  <system-out>
    <![CDATA[201
{"name":"Bill Gates","job":"Chairman","id":"738","createdAt":"2022-10-27T17:12:34.130Z"}
{"name":"Bill Gates","job":"Chairman"}]]>
  </system-out>
</testsuite> <!-- com.unosquare.requests.PostTest -->
