<?xml version="1.0" encoding="UTF-8"?>
<!-- Generated by org.testng.reporters.JUnitReportReporter -->
<testsuite hostname="REM-LT-221010A" failures="0" tests="2" name="com.unosquare.FuchsiaRoseTest" time="2.188" errors="0" timestamp="2022-10-25T15:44:26 CDT" skipped="0">
  <testcase classname="com.unosquare.FuchsiaRoseTest" name="validate_fuchsia_status_code_and_fields" time="1.881"/>
  <system-out>
    <![CDATA[Sucess 200 validation
{"data":{"id":2,"name":"fuchsia rose","year":2001,"color":"#C74375","pantone_value":"17-2031"},"support":{"url":"https://reqres.in/#support-heading","text":"To keep ReqRes free, contributions towards server costs are appreciated!"}}]]>
  </system-out>
  <testcase classname="com.unosquare.FuchsiaRoseTest" name="validate_fuchsia_status_code_and_fields_Gherkin" time="0.307"/>
  <system-out>
    <![CDATA[Sucessfully completed validation]]>
  </system-out>
</testsuite> <!-- com.unosquare.FuchsiaRoseTest -->
