<?xml version="1.0" encoding="UTF-8"?>
<!-- Generated by org.testng.reporters.JUnitReportReporter -->
<testsuite hostname="REM-LT-221010A" failures="0" tests="3" name="com.unosquare.requests.FirstAPITest" time="1.026" errors="0" timestamp="2022-11-21T15:34:46 CST" skipped="0">
  <testcase classname="com.unosquare.requests.FirstAPITest" name="validate_200_status" time="0.186"/>
  <system-out>
    <![CDATA[Status Code: 200]]>
  </system-out>
  <testcase classname="com.unosquare.requests.FirstAPITest" name="validate_first_and_last_names" time="0.647"/>
  <system-out>
    <![CDATA[Status Code: 200
Response: {"data":{"id":2,"email":"janet.weaver@reqres.in","first_name":"Janet","last_name":"Weaver","avatar":"https://reqres.in/img/faces/2-image.jpg"},"support":{"url":"https://reqres.in/#support-heading","text":"To keep ReqRes free, contributions towards server costs are appreciated!"}}]]>
  </system-out>
  <testcase classname="com.unosquare.requests.FirstAPITest" name="validate_first_and_last_names_Gherkin" time="0.193"/>
  <system-out/>
</testsuite> <!-- com.unosquare.requests.FirstAPITest -->
