<?xml version="1.0" encoding="UTF-8"?>
<!-- Generated by org.testng.reporters.JUnitReportReporter -->
<testsuite hostname="REM-LT-221010A" failures="0" tests="3" name="com.unosquare.requests.PostTest" time="1.310" errors="0" timestamp="2022-11-21T15:34:46 CST" skipped="0">
  <testcase classname="com.unosquare.requests.PostTest" name="post_user_from_file2" time="0.411"/>
  <system-out>
    <![CDATA[Status Code 201
Response Body: {"name":"Bill Gates","job":"Chairman","id":"673","createdAt":"2022-11-21T21:35:25.945Z"}]]>
  </system-out>
  <testcase classname="com.unosquare.requests.PostTest" name="post_user" time="0.471"/>
  <system-out>
    <![CDATA[Status Code 201
Response Body: {"name":"JohnAPI","job":"QA","id":"810","createdAt":"2022-11-21T21:35:25.088Z"}]]>
  </system-out>
  <testcase classname="com.unosquare.requests.PostTest" name="post_user_from_file" time="0.428"/>
  <system-out>
    <![CDATA[Status Code 201
Response Body: {"name":"Steve Jobs","job":"CEO","id":"948","createdAt":"2022-11-21T21:35:25.532Z"}]]>
  </system-out>
</testsuite> <!-- com.unosquare.requests.PostTest -->
