<?xml version="1.0" encoding="UTF-8"?>
<!-- Generated by org.testng.reporters.JUnitReportReporter -->
<testsuite hostname="REM-LT-221010A" failures="0" tests="3" name="com.unosquare.requests.PostTest" time="1.171" errors="0" timestamp="2022-10-28T12:42:21 CDT" skipped="0">
  <testcase classname="com.unosquare.requests.PostTest" name="post_user_from_file" time="0.387"/>
  <system-out>
    <![CDATA[Status Code 201
Response Body: {"name":"Steve Jobs","job":"CEO","id":"286","createdAt":"2022-10-28T17:42:51.217Z"}]]>
  </system-out>
  <testcase classname="com.unosquare.requests.PostTest" name="post_user_from_file2" time="0.396"/>
  <system-out>
    <![CDATA[Status Code 201
Response Body: {"name":"Bill Gates","job":"Chairman","id":"406","createdAt":"2022-10-28T17:42:51.619Z"}]]>
  </system-out>
  <testcase classname="com.unosquare.requests.PostTest" name="post_user" time="0.388"/>
  <system-out>
    <![CDATA[Status Code 201
Response Body: {"name":"JohnAPI","job":"QA","id":"995","createdAt":"2022-10-28T17:42:50.833Z"}]]>
  </system-out>
</testsuite> <!-- com.unosquare.requests.PostTest -->
