<?xml version="1.0" encoding="UTF-8"?>
<!-- Generated by org.testng.reporters.JUnitReportReporter -->
<testsuite hostname="REM-LT-221010A" failures="0" tests="1" name="com.unosquare.requests.LoginTest" time="1.550" errors="0" timestamp="2022-11-21T15:34:46 CST" skipped="0">
  <testcase classname="com.unosquare.requests.LoginTest" name="post_test_from_file2" time="1.550"/>
  <system-out>
    <![CDATA[Status Code 200
Response Body: {"token":"QpwL5tke4Pnpja7X4"}]]>
  </system-out>
</testsuite> <!-- com.unosquare.requests.LoginTest -->
