<?xml version="1.0" encoding="UTF-8"?>
<!-- Generated by org.testng.reporters.JUnitReportReporter -->
<testsuite hostname="REM-LT-221010A" failures="0" tests="3" name="com.unosquare.FirstAPITest" time="2.260" errors="0" timestamp="2022-10-25T15:49:10 CDT" skipped="0">
  <testcase classname="com.unosquare.FirstAPITest" name="validate_200_status_Gherkin" time="0.681"/>
  <system-out>
    <![CDATA[Sucess 200 validation]]>
  </system-out>
  <testcase classname="com.unosquare.FirstAPITest" name="validate_200_status" time="1.262"/>
  <system-out>
    <![CDATA[Sucess 200 validation]]>
  </system-out>
  <testcase classname="com.unosquare.FirstAPITest" name="validate_first_last_names" time="0.317"/>
  <system-out>
    <![CDATA[{"data":{"id":2,"email":"janet.weaver@reqres.in","first_name":"Janet","last_name":"Weaver","avatar":"https://reqres.in/img/faces/2-image.jpg"},"support":{"url":"https://reqres.in/#support-heading","text":"To keep ReqRes free, contributions towards server costs are appreciated!"}}]]>
  </system-out>
</testsuite> <!-- com.unosquare.FirstAPITest -->
