<?xml version="1.0" encoding="UTF-8"?>
<!-- Generated by org.testng.reporters.JUnitReportReporter -->
<testsuite hostname="REM-LT-221010A" failures="0" tests="3" name="com.unosquare.requests.PostTest" time="1.383" errors="0" timestamp="2022-11-21T15:59:15 CST" skipped="0">
  <testcase classname="com.unosquare.requests.PostTest" name="post_user" time="0.470"/>
  <system-out>
    <![CDATA[Status Code 201
Response Body: {"name":"JohnAPI","job":"QA","id":"583","createdAt":"2022-11-21T21:59:54.147Z"}]]>
  </system-out>
  <testcase classname="com.unosquare.requests.PostTest" name="post_user_from_file" time="0.476"/>
  <system-out>
    <![CDATA[Status Code 201
Response Body: {"name":"Steve Jobs","job":"CEO","id":"618","createdAt":"2022-11-21T21:59:54.630Z"}]]>
  </system-out>
  <testcase classname="com.unosquare.requests.PostTest" name="post_user_from_file2" time="0.437"/>
  <system-out>
    <![CDATA[Status Code 201
Response Body: {"name":"Bill Gates","job":"Chairman","id":"336","createdAt":"2022-11-21T21:59:55.070Z"}]]>
  </system-out>
</testsuite> <!-- com.unosquare.requests.PostTest -->
