<?xml version="1.0" encoding="UTF-8"?>
<!-- Generated by org.testng.reporters.JUnitReportReporter -->
<testsuite hostname="REM-LT-221010A" failures="0" tests="1" name="com.unosquare.requests.UpdateUserTest" time="0.472" errors="0" timestamp="2022-11-21T15:34:46 CST" skipped="0">
  <testcase classname="com.unosquare.requests.UpdateUserTest" name="update_user_from_file" time="0.472"/>
  <system-out>
    <![CDATA[Status Code 200
Response Body: {"name":"William Gates","job":"Chairman","updatedAt":"2022-11-21T21:35:27.441Z"}]]>
  </system-out>
</testsuite> <!-- com.unosquare.requests.UpdateUserTest -->
