<?xml version="1.0" encoding="UTF-8"?>
<!-- Generated by org.testng.reporters.JUnitReportReporter -->
<testsuite hostname="REM-LT-221010A" failures="0" tests="2" name="com.unosquare.requests.FuchsiaRoseTest" time="0.841" errors="0" timestamp="2022-10-28T12:42:21 CDT" skipped="0">
  <testcase classname="com.unosquare.requests.FuchsiaRoseTest" name="validate_fuchsia_status_code_and_fields_Gherkin" time="0.420"/>
  <system-out>
    <![CDATA[Sucessfully completed validation]]>
  </system-out>
  <testcase classname="com.unosquare.requests.FuchsiaRoseTest" name="validate_fuchsia_status_code_and_fields" time="0.421"/>
  <system-out>
    <![CDATA[Status Code: 200
{"data":{"id":2,"name":"fuchsia rose","year":2001,"color":"#C74375","pantone_value":"17-2031"},"support":{"url":"https://reqres.in/#support-heading","text":"To keep ReqRes free, contributions towards server costs are appreciated!"}}]]>
  </system-out>
</testsuite> <!-- com.unosquare.requests.FuchsiaRoseTest -->
